<?xml version="1.0" encoding="UTF-8"?>
<!-- Generated by org.testng.reporters.JUnitReportReporter -->
<testsuite hostname="DESKTOP-4NVUOGM" failures="0" tests="1" name="com.mts.onlineReplenishment.PlaceholderDeptTest" time="6.929" errors="0" timestamp="2024-09-11T21:58:53 MSK" skipped="0">
  <testcase classname="com.mts.onlineReplenishment.PlaceholderDeptTest" name="testPlaceholderDept" time="6.929"/>
  <system-out/>
</testsuite> <!-- com.mts.onlineReplenishment.PlaceholderDeptTest -->
